CRITICAL - 2022-09-08 03:54:32 --> _get_uri() requires a valid baseURL.
in SYSTEMPATH\Helpers\url_helper.php on line 36.
 1 SYSTEMPATH\Helpers\url_helper.php(133): _get_uri('servbe')
 2 SYSTEMPATH\CodeIgniter.php(510): current_url(true)
 3 SYSTEMPATH\CodeIgniter.php(336): CodeIgniter\CodeIgniter->handleRequest(null, Object(Config\Cache), false)
 4 SYSTEMPATH\CLI\Console.php(48): CodeIgniter\CodeIgniter->run()
 5 ROOTPATH\spark(98): CodeIgniter\CLI\Console->run()
CRITICAL - 2022-09-08 06:44:04 --> Too few arguments to function App\Controllers\Saisie::calculerAuto(), 3 passed in C:\Users\15282\Desktop\DO\REPORTING\app\Controllers\Saisie.php on line 220 and exactly 6 expected
in APPPATH\Controllers\Saisie.php on line 68.
 1 APPPATH\Controllers\Saisie.php(220): App\Controllers\Saisie->calculerAuto('2022-09-06', '5', '2022-09-05')
 2 SYSTEMPATH\CodeIgniter.php(907): App\Controllers\Saisie->UpdateDataJplus1()
 3 SYSTEMPATH\CodeIgniter.php(457): CodeIgniter\CodeIgniter->runController(Object(App\Controllers\Saisie))
 4 SYSTEMPATH\CodeIgniter.php(340): CodeIgniter\CodeIgniter->handleRequest(null, Object(Config\Cache), false)
 5 FCPATH\index.php(67): CodeIgniter\CodeIgniter->run()
 6 SYSTEMPATH\Commands\Server\rewrite.php(43): require_once('FCPATH\\index.php')
CRITICAL - 2022-09-08 06:46:57 --> Too few arguments to function App\Controllers\Saisie::calculerAuto(), 3 passed in C:\Users\15282\Desktop\DO\REPORTING\app\Controllers\Saisie.php on line 220 and exactly 6 expected
in APPPATH\Controllers\Saisie.php on line 68.
 1 APPPATH\Controllers\Saisie.php(220): App\Controllers\Saisie->calculerAuto('2022-09-06', '5', '2022-09-05')
 2 SYSTEMPATH\CodeIgniter.php(907): App\Controllers\Saisie->UpdateDataJplus1()
 3 SYSTEMPATH\CodeIgniter.php(457): CodeIgniter\CodeIgniter->runController(Object(App\Controllers\Saisie))
 4 SYSTEMPATH\CodeIgniter.php(340): CodeIgniter\CodeIgniter->handleRequest(null, Object(Config\Cache), false)
 5 FCPATH\index.php(67): CodeIgniter\CodeIgniter->run()
 6 SYSTEMPATH\Commands\Server\rewrite.php(43): require_once('FCPATH\\index.php')
